mode: set
project-app-inventaris-cli-rahmadhany/main.go:13.13,16.16 2 0
project-app-inventaris-cli-rahmadhany/main.go:16.16,18.3 1 0
project-app-inventaris-cli-rahmadhany/main.go:21.2,34.38 8 0
project-app-inventaris-cli-rahmadhany/main.go:34.38,36.3 1 0
project-app-inventaris-cli-rahmadhany/handler/handler_barang.go:19.63,21.2 1 0
project-app-inventaris-cli-rahmadhany/handler/handler_barang.go:24.32,26.16 2 0
project-app-inventaris-cli-rahmadhany/handler/handler_barang.go:26.16,29.3 2 0
project-app-inventaris-cli-rahmadhany/handler/handler_barang.go:31.2,32.25 2 0
project-app-inventaris-cli-rahmadhany/handler/handler_barang.go:32.25,38.3 2 0
project-app-inventaris-cli-rahmadhany/handler/handler_barang.go:39.2,39.77 1 0
project-app-inventaris-cli-rahmadhany/handler/handler_barang.go:43.31,53.16 7 0
project-app-inventaris-cli-rahmadhany/handler/handler_barang.go:53.16,55.3 1 0
project-app-inventaris-cli-rahmadhany/handler/handler_barang.go:55.8,57.3 1 0
project-app-inventaris-cli-rahmadhany/handler/handler_barang.go:61.34,64.16 3 0
project-app-inventaris-cli-rahmadhany/handler/handler_barang.go:64.16,67.3 2 0
project-app-inventaris-cli-rahmadhany/handler/handler_barang.go:68.2,69.75 1 0
project-app-inventaris-cli-rahmadhany/handler/handler_barang.go:73.34,84.16 8 0
project-app-inventaris-cli-rahmadhany/handler/handler_barang.go:84.16,86.3 1 0
project-app-inventaris-cli-rahmadhany/handler/handler_barang.go:86.8,88.3 1 0
project-app-inventaris-cli-rahmadhany/handler/handler_barang.go:92.34,95.16 3 0
project-app-inventaris-cli-rahmadhany/handler/handler_barang.go:95.16,97.3 1 0
project-app-inventaris-cli-rahmadhany/handler/handler_barang.go:97.8,99.3 1 0
project-app-inventaris-cli-rahmadhany/handler/handler_barang.go:103.46,105.16 2 0
project-app-inventaris-cli-rahmadhany/handler/handler_barang.go:105.16,108.3 2 0
project-app-inventaris-cli-rahmadhany/handler/handler_barang.go:110.2,111.25 2 0
project-app-inventaris-cli-rahmadhany/handler/handler_barang.go:111.25,117.3 2 0
project-app-inventaris-cli-rahmadhany/handler/handler_barang.go:118.2,118.77 1 0
project-app-inventaris-cli-rahmadhany/handler/handler_barang.go:122.40,124.16 2 0
project-app-inventaris-cli-rahmadhany/handler/handler_barang.go:124.16,127.3 2 0
project-app-inventaris-cli-rahmadhany/handler/handler_barang.go:128.2,128.54 1 0
project-app-inventaris-cli-rahmadhany/handler/handler_barang.go:132.44,135.16 3 0
project-app-inventaris-cli-rahmadhany/handler/handler_barang.go:135.16,138.3 2 0
project-app-inventaris-cli-rahmadhany/handler/handler_barang.go:139.2,139.79 1 0
project-app-inventaris-cli-rahmadhany/handler/handler_barang.go:143.54,145.16 2 0
project-app-inventaris-cli-rahmadhany/handler/handler_barang.go:145.16,148.3 2 0
project-app-inventaris-cli-rahmadhany/handler/handler_barang.go:150.2,151.25 2 0
project-app-inventaris-cli-rahmadhany/handler/handler_barang.go:151.25,156.3 1 0
project-app-inventaris-cli-rahmadhany/handler/handler_barang.go:157.2,157.69 1 0
project-app-inventaris-cli-rahmadhany/handler/handler_kategori.go:18.69,20.2 1 0
project-app-inventaris-cli-rahmadhany/handler/handler_kategori.go:23.34,25.16 2 0
project-app-inventaris-cli-rahmadhany/handler/handler_kategori.go:25.16,28.3 2 0
project-app-inventaris-cli-rahmadhany/handler/handler_kategori.go:30.2,31.25 2 0
project-app-inventaris-cli-rahmadhany/handler/handler_kategori.go:31.25,35.3 1 0
project-app-inventaris-cli-rahmadhany/handler/handler_kategori.go:36.2,36.61 1 0
project-app-inventaris-cli-rahmadhany/handler/handler_kategori.go:40.33,44.16 4 0
project-app-inventaris-cli-rahmadhany/handler/handler_kategori.go:44.16,46.3 1 0
project-app-inventaris-cli-rahmadhany/handler/handler_kategori.go:46.8,48.3 1 0
project-app-inventaris-cli-rahmadhany/handler/handler_kategori.go:52.36,55.16 3 0
project-app-inventaris-cli-rahmadhany/handler/handler_kategori.go:55.16,58.3 2 0
project-app-inventaris-cli-rahmadhany/handler/handler_kategori.go:59.2,59.85 1 0
project-app-inventaris-cli-rahmadhany/handler/handler_kategori.go:63.36,68.16 5 0
project-app-inventaris-cli-rahmadhany/handler/handler_kategori.go:68.16,70.3 1 0
project-app-inventaris-cli-rahmadhany/handler/handler_kategori.go:70.8,72.3 1 0
project-app-inventaris-cli-rahmadhany/handler/handler_kategori.go:76.36,79.16 3 0
project-app-inventaris-cli-rahmadhany/handler/handler_kategori.go:79.16,81.3 1 0
project-app-inventaris-cli-rahmadhany/handler/handler_kategori.go:81.8,83.3 1 0
project-app-inventaris-cli-rahmadhany/database/postgres.go:11.35,14.16 3 0
project-app-inventaris-cli-rahmadhany/database/postgres.go:14.16,16.3 1 0
project-app-inventaris-cli-rahmadhany/database/postgres.go:19.2,19.34 1 0
project-app-inventaris-cli-rahmadhany/database/postgres.go:19.34,21.3 1 0
project-app-inventaris-cli-rahmadhany/database/postgres.go:22.2,22.16 1 0
project-app-inventaris-cli-rahmadhany/repository/barang_repo.go:24.55,26.2 1 0
project-app-inventaris-cli-rahmadhany/repository/barang_repo.go:29.56,31.16 2 0
project-app-inventaris-cli-rahmadhany/repository/barang_repo.go:31.16,33.3 1 0
project-app-inventaris-cli-rahmadhany/repository/barang_repo.go:34.2,37.18 3 0
project-app-inventaris-cli-rahmadhany/repository/barang_repo.go:37.18,39.92 2 0
project-app-inventaris-cli-rahmadhany/repository/barang_repo.go:39.92,41.4 1 0
project-app-inventaris-cli-rahmadhany/repository/barang_repo.go:42.3,42.29 1 0
project-app-inventaris-cli-rahmadhany/repository/barang_repo.go:44.2,44.20 1 0
project-app-inventaris-cli-rahmadhany/repository/barang_repo.go:48.62,51.90 3 0
project-app-inventaris-cli-rahmadhany/repository/barang_repo.go:51.90,53.3 1 0
project-app-inventaris-cli-rahmadhany/repository/barang_repo.go:54.2,54.16 1 0
project-app-inventaris-cli-rahmadhany/repository/barang_repo.go:58.49,62.2 2 0
project-app-inventaris-cli-rahmadhany/repository/barang_repo.go:65.52,69.2 2 0
project-app-inventaris-cli-rahmadhany/repository/barang_repo.go:72.43,75.2 2 0
project-app-inventaris-cli-rahmadhany/repository/barang_repo.go:78.70,81.16 3 0
project-app-inventaris-cli-rahmadhany/repository/barang_repo.go:81.16,83.3 1 0
project-app-inventaris-cli-rahmadhany/repository/barang_repo.go:84.2,87.18 3 0
project-app-inventaris-cli-rahmadhany/repository/barang_repo.go:87.18,89.92 2 0
project-app-inventaris-cli-rahmadhany/repository/barang_repo.go:89.92,91.4 1 0
project-app-inventaris-cli-rahmadhany/repository/barang_repo.go:92.3,92.29 1 0
project-app-inventaris-cli-rahmadhany/repository/barang_repo.go:94.2,94.20 1 0
project-app-inventaris-cli-rahmadhany/repository/kategori_repo.go:22.59,24.2 1 0
project-app-inventaris-cli-rahmadhany/repository/kategori_repo.go:27.60,29.16 2 0
project-app-inventaris-cli-rahmadhany/repository/kategori_repo.go:29.16,31.3 1 0
project-app-inventaris-cli-rahmadhany/repository/kategori_repo.go:32.2,35.18 3 0
project-app-inventaris-cli-rahmadhany/repository/kategori_repo.go:35.18,37.65 2 0
project-app-inventaris-cli-rahmadhany/repository/kategori_repo.go:37.65,39.4 1 0
project-app-inventaris-cli-rahmadhany/repository/kategori_repo.go:40.3,40.29 1 0
project-app-inventaris-cli-rahmadhany/repository/kategori_repo.go:42.2,42.20 1 0
project-app-inventaris-cli-rahmadhany/repository/kategori_repo.go:46.66,49.63 3 0
project-app-inventaris-cli-rahmadhany/repository/kategori_repo.go:49.63,51.3 1 0
project-app-inventaris-cli-rahmadhany/repository/kategori_repo.go:52.2,52.16 1 0
project-app-inventaris-cli-rahmadhany/repository/kategori_repo.go:56.53,59.2 2 0
project-app-inventaris-cli-rahmadhany/repository/kategori_repo.go:62.56,65.2 2 0
project-app-inventaris-cli-rahmadhany/repository/kategori_repo.go:68.45,71.2 2 0
project-app-inventaris-cli-rahmadhany/cmd/register.go:8.79,11.2 2 0
project-app-inventaris-cli-rahmadhany/cmd/root.go:11.22,13.2 1 0
project-app-inventaris-cli-rahmadhany/cmd/root.go:19.47,20.7 1 0
project-app-inventaris-cli-rahmadhany/cmd/root.go:20.7,31.18 10 0
project-app-inventaris-cli-rahmadhany/cmd/root.go:32.13,33.25 1 0
project-app-inventaris-cli-rahmadhany/cmd/root.go:34.13,35.23 1 0
project-app-inventaris-cli-rahmadhany/cmd/root.go:36.13,37.24 1 0
project-app-inventaris-cli-rahmadhany/cmd/root.go:38.13,40.40 2 0
project-app-inventaris-cli-rahmadhany/cmd/root.go:41.13,43.11 2 0
project-app-inventaris-cli-rahmadhany/cmd/root.go:44.12,45.40 1 0
project-app-inventaris-cli-rahmadhany/cmd/root.go:47.4,47.23 1 0
project-app-inventaris-cli-rahmadhany/cmd/root.go:53.27,54.6 1 0
project-app-inventaris-cli-rahmadhany/cmd/root.go:54.6,65.17 10 0
project-app-inventaris-cli-rahmadhany/cmd/root.go:66.12,67.26 1 0
project-app-inventaris-cli-rahmadhany/cmd/root.go:68.12,69.25 1 0
project-app-inventaris-cli-rahmadhany/cmd/root.go:70.12,71.28 1 0
project-app-inventaris-cli-rahmadhany/cmd/root.go:72.12,73.28 1 0
project-app-inventaris-cli-rahmadhany/cmd/root.go:74.12,75.28 1 0
project-app-inventaris-cli-rahmadhany/cmd/root.go:76.12,77.10 1 0
project-app-inventaris-cli-rahmadhany/cmd/root.go:78.11,79.39 1 0
project-app-inventaris-cli-rahmadhany/cmd/root.go:81.3,81.22 1 0
project-app-inventaris-cli-rahmadhany/cmd/root.go:86.25,87.6 1 0
project-app-inventaris-cli-rahmadhany/cmd/root.go:87.6,98.17 10 0
project-app-inventaris-cli-rahmadhany/cmd/root.go:99.12,100.24 1 0
project-app-inventaris-cli-rahmadhany/cmd/root.go:101.12,102.23 1 0
project-app-inventaris-cli-rahmadhany/cmd/root.go:103.12,104.26 1 0
project-app-inventaris-cli-rahmadhany/cmd/root.go:105.12,106.26 1 0
project-app-inventaris-cli-rahmadhany/cmd/root.go:107.12,108.26 1 0
project-app-inventaris-cli-rahmadhany/cmd/root.go:109.12,110.10 1 0
project-app-inventaris-cli-rahmadhany/cmd/root.go:111.11,112.39 1 0
project-app-inventaris-cli-rahmadhany/cmd/root.go:114.3,114.22 1 0
project-app-inventaris-cli-rahmadhany/cmd/root.go:119.26,120.6 1 0
project-app-inventaris-cli-rahmadhany/cmd/root.go:120.6,129.17 8 0
project-app-inventaris-cli-rahmadhany/cmd/root.go:130.12,131.38 1 0
project-app-inventaris-cli-rahmadhany/cmd/root.go:132.12,133.32 1 0
project-app-inventaris-cli-rahmadhany/cmd/root.go:134.12,135.36 1 0
project-app-inventaris-cli-rahmadhany/cmd/root.go:136.12,137.10 1 0
project-app-inventaris-cli-rahmadhany/cmd/root.go:138.11,139.39 1 0
project-app-inventaris-cli-rahmadhany/cmd/root.go:141.3,141.22 1 0
project-app-inventaris-cli-rahmadhany/utils/io.go:12.37,17.2 4 0
project-app-inventaris-cli-rahmadhany/utils/io.go:20.20,23.2 2 0
project-app-inventaris-cli-rahmadhany/utils/io.go:26.20,28.2 1 0
project-app-inventaris-cli-rahmadhany/utils/io.go:31.52,34.27 3 0
project-app-inventaris-cli-rahmadhany/utils/io.go:34.27,36.3 1 0
project-app-inventaris-cli-rahmadhany/utils/io.go:37.2,37.11 1 0
project-app-inventaris-cli-rahmadhany/service/barang_service.go:31.68,33.2 1 1
project-app-inventaris-cli-rahmadhany/service/barang_service.go:36.59,38.2 1 1
project-app-inventaris-cli-rahmadhany/service/barang_service.go:41.65,43.2 1 0
project-app-inventaris-cli-rahmadhany/service/barang_service.go:46.52,47.18 1 1
project-app-inventaris-cli-rahmadhany/service/barang_service.go:47.18,49.3 1 1
project-app-inventaris-cli-rahmadhany/service/barang_service.go:50.2,50.22 1 0
project-app-inventaris-cli-rahmadhany/service/barang_service.go:54.55,56.2 1 0
project-app-inventaris-cli-rahmadhany/service/barang_service.go:59.46,61.2 1 0
project-app-inventaris-cli-rahmadhany/service/barang_service.go:64.73,66.2 1 0
project-app-inventaris-cli-rahmadhany/service/barang_service.go:69.71,71.16 2 1
project-app-inventaris-cli-rahmadhany/service/barang_service.go:71.16,73.3 1 0
project-app-inventaris-cli-rahmadhany/service/barang_service.go:75.2,77.28 3 1
project-app-inventaris-cli-rahmadhany/service/barang_service.go:77.28,78.51 1 1
project-app-inventaris-cli-rahmadhany/service/barang_service.go:78.51,80.4 1 1
project-app-inventaris-cli-rahmadhany/service/barang_service.go:82.2,82.20 1 1
project-app-inventaris-cli-rahmadhany/service/barang_service.go:86.59,88.16 2 0
project-app-inventaris-cli-rahmadhany/service/barang_service.go:88.16,90.3 1 0
project-app-inventaris-cli-rahmadhany/service/barang_service.go:92.2,94.28 3 0
project-app-inventaris-cli-rahmadhany/service/barang_service.go:94.28,98.3 3 0
project-app-inventaris-cli-rahmadhany/service/barang_service.go:99.2,99.19 1 0
project-app-inventaris-cli-rahmadhany/service/barang_service.go:103.76,105.16 2 1
project-app-inventaris-cli-rahmadhany/service/barang_service.go:105.16,107.3 1 0
project-app-inventaris-cli-rahmadhany/service/barang_service.go:109.2,113.31 5 1
project-app-inventaris-cli-rahmadhany/service/kategori_service.go:24.74,26.2 1 1
project-app-inventaris-cli-rahmadhany/service/kategori_service.go:29.63,31.2 1 1
project-app-inventaris-cli-rahmadhany/service/kategori_service.go:34.69,36.2 1 1
project-app-inventaris-cli-rahmadhany/service/kategori_service.go:39.56,40.18 1 1
project-app-inventaris-cli-rahmadhany/service/kategori_service.go:40.18,42.3 1 1
project-app-inventaris-cli-rahmadhany/service/kategori_service.go:43.2,43.22 1 0
project-app-inventaris-cli-rahmadhany/service/kategori_service.go:47.59,49.2 1 0
project-app-inventaris-cli-rahmadhany/service/kategori_service.go:52.48,54.2 1 0
